<?xml version="1.0" encoding="UTF-8"?>
<!-- Generated by org.testng.reporters.JUnitReportReporter -->
<testsuite hostname="WildBeast" failures="0" tests="1" name="selenium.TestNG" time="5.245" errors="0" timestamp="2024-02-09T22:04:44 IST" skipped="0">
  <testcase classname="selenium.TestNG" name="f" time="5.245"/>
  <system-out/>
</testsuite> <!-- selenium.TestNG -->
